2021/12/08 18:57:48 [error] [exception.CDbException] SQLSTATE[HY000] [1045] Access denied for user 'root'@'localhost' (using password: NO)
2021/12/08 18:57:48 [error] [exception.CDbException] CDbException: CDbConnection failed to open the DB connection. in D:\software\php_software\wamp64\www\sanli\framework\db\CDbConnection.php:405
Stack trace:
#0 D:\software\php_software\wamp64\www\sanli\framework\db\CDbConnection.php(347): CDbConnection->open()
#1 D:\software\php_software\wamp64\www\sanli\framework\db\CDbConnection.php(325): CDbConnection->setActive(true)
#2 D:\software\php_software\wamp64\www\sanli\framework\base\CModule.php(394): CDbConnection->init()
#3 D:\software\php_software\wamp64\www\sanli\framework\base\CApplication.php(459): CModule->getComponent('db')
#4 D:\software\php_software\wamp64\www\sanli\framework\db\ar\CActiveRecord.php(639): CApplication->getDb()
#5 D:\software\php_software\wamp64\www\sanli\framework\db\ar\CActiveRecord.php(2389): CActiveRecord->getDbConnection()
#6 D:\software\php_software\wamp64\www\sanli\framework\db\ar\CActiveRecord.php(413): CActiveRecordMetaData->__construct(Object(Admin))
#7 D:\software\php_software\wamp64\www\sanli\framework\db\ar\CActiveRecord.php(79): CActiveRecord->getMetaData()
#8 D:\software\php_software\wamp64\www\sanli\admin\controllers\IndexController.php(32): CActiveRecord->__construct('create')
#9 D:\software\php_software\wamp64\www\sanli\admin\controllers\IndexController.php(12): IndexController->login_form()
#10 D:\software\php_software\wamp64\www\sanli\framework\web\actions\CInlineAction.php(49): IndexController->actionIndex()
#11 D:\software\php_software\wamp64\www\sanli\framework\web\CController.php(308): CInlineAction->runWithParams(Array)
#12 D:\software\php_software\wamp64\www\sanli\framework\web\CController.php(286): CController->runAction(Object(CInlineAction))
#13 D:\software\php_software\wamp64\www\sanli\framework\web\CController.php(265): CController->runActionWithFilters(Object(CInlineAction), Array)
#14 D:\software\php_software\wamp64\www\sanli\framework\web\CWebApplication.php(282): CController->run('')
#15 D:\software\php_software\wamp64\www\sanli\framework\web\CWebApplication.php(141): CWebApplication->runController('')
#16 D:\software\php_software\wamp64\www\sanli\framework\base\CApplication.php(185): CWebApplication->processRequest()
#17 D:\software\php_software\wamp64\www\sanli\index.php(35): CApplication->run()
#18 {main}
REQUEST_URI=/sanli/index
---
2021/12/08 18:58:22 [error] [system.db.CDbCommand] CDbCommand::fetchAll() failed: SQLSTATE[42S02]: Base table or view not found: 1146 Table 'sanli.course_data' doesn't exist. The SQL statement executed was: SHOW FULL COLUMNS FROM `course_data`.
2021/12/08 18:58:22 [error] [exception.CDbException] CDbException: 数据库中无法找到 active record class "Coursedata" 对应的 table "{{course_data}}". in D:\software\php_software\wamp64\www\sanli\framework\db\ar\CActiveRecord.php:2390
Stack trace:
#0 D:\software\php_software\wamp64\www\sanli\framework\db\ar\CActiveRecord.php(413): CActiveRecordMetaData->__construct(Object(Coursedata))
#1 D:\software\php_software\wamp64\www\sanli\framework\db\ar\CActiveRecord.php(716): CActiveRecord->getMetaData()
#2 D:\software\php_software\wamp64\www\sanli\framework\db\ar\CActiveRecord.php(157): CActiveRecord->setAttribute('workyear', '2020-2021')
#3 D:\software\php_software\wamp64\www\sanli\admin\controllers\CoursedataController.php(20): CActiveRecord->__set('workyear', '2020-2021')
#4 [internal function]: CoursedataController->actionIndex('1')
#5 D:\software\php_software\wamp64\www\sanli\framework\web\actions\CAction.php(109): ReflectionMethod->invokeArgs(Object(CoursedataController), Array)
#6 D:\software\php_software\wamp64\www\sanli\framework\web\actions\CInlineAction.php(47): CAction->runWithParamsInternal(Object(CoursedataController), Object(ReflectionMethod), Array)
#7 D:\software\php_software\wamp64\www\sanli\framework\web\CController.php(308): CInlineAction->runWithParams(Array)
#8 D:\software\php_software\wamp64\www\sanli\framework\web\CController.php(286): CController->runAction(Object(CInlineAction))
#9 D:\software\php_software\wamp64\www\sanli\framework\web\CController.php(265): CController->runActionWithFilters(Object(CInlineAction), Array)
#10 D:\software\php_software\wamp64\www\sanli\framework\web\CWebApplication.php(282): CController->run('index')
#11 D:\software\php_software\wamp64\www\sanli\framework\web\CWebApplication.php(141): CWebApplication->runController('Coursedata/inde...')
#12 D:\software\php_software\wamp64\www\sanli\framework\base\CApplication.php(185): CWebApplication->processRequest()
#13 D:\software\php_software\wamp64\www\sanli\index.php(35): CApplication->run()
#14 {main}
REQUEST_URI=/sanli/index.php?r=Coursedata/index&id=1
HTTP_REFERER=http://localhost/sanli/index.php?r=ClubNews/index&news_type=0
---
2021/12/08 19:00:30 [error] [exception.CHttpException.404] CHttpException: 系统无法找到请求的 "GetClubNews" 动作. in D:\software\php_software\wamp64\www\sanli\framework\web\CController.php:486
Stack trace:
#0 D:\software\php_software\wamp64\www\sanli\framework\web\CController.php(270): CController->missingAction('GetClubNews')
#1 D:\software\php_software\wamp64\www\sanli\framework\web\CWebApplication.php(282): CController->run('GetClubNews')
#2 D:\software\php_software\wamp64\www\sanli\framework\web\CWebApplication.php(141): CWebApplication->runController('ClubNews/GetClu...')
#3 D:\software\php_software\wamp64\www\sanli\framework\base\CApplication.php(185): CWebApplication->processRequest()
#4 D:\software\php_software\wamp64\www\sanli\index.php(35): CApplication->run()
#5 {main}
REQUEST_URI=/sanli/index.php?r=ClubNews/GetClubNews&id=1
HTTP_REFERER=https://servicewechat.com/wx50e47bbb4ec3c834/devtools/page-frame.html
---
2021/12/08 19:01:34 [error] [exception.Error] Error: Call to undefined function DecodeAsk() in D:\software\php_software\wamp64\www\sanli\admin\controllers\ClubNewsController.php:82
Stack trace:
#0 D:\software\php_software\wamp64\www\sanli\framework\web\actions\CInlineAction.php(49): ClubNewsController->actionGetClubNews()
#1 D:\software\php_software\wamp64\www\sanli\framework\web\CController.php(308): CInlineAction->runWithParams(Array)
#2 D:\software\php_software\wamp64\www\sanli\framework\web\CController.php(286): CController->runAction(Object(CInlineAction))
#3 D:\software\php_software\wamp64\www\sanli\framework\web\CController.php(265): CController->runActionWithFilters(Object(CInlineAction), Array)
#4 D:\software\php_software\wamp64\www\sanli\framework\web\CWebApplication.php(282): CController->run('GetClubNews')
#5 D:\software\php_software\wamp64\www\sanli\framework\web\CWebApplication.php(141): CWebApplication->runController('ClubNews/GetClu...')
#6 D:\software\php_software\wamp64\www\sanli\framework\base\CApplication.php(185): CWebApplication->processRequest()
#7 D:\software\php_software\wamp64\www\sanli\index.php(35): CApplication->run()
#8 {main}
REQUEST_URI=/sanli/index.php?r=ClubNews/GetClubNews&id=1
HTTP_REFERER=https://servicewechat.com/wx50e47bbb4ec3c834/devtools/page-frame.html
---
2021/12/08 19:02:04 [error] [exception.Error] Error: Call to undefined function DecodeAsk() in D:\software\php_software\wamp64\www\sanli\admin\controllers\ClubNewsController.php:82
Stack trace:
#0 D:\software\php_software\wamp64\www\sanli\framework\web\actions\CInlineAction.php(49): ClubNewsController->actionGetClubNews()
#1 D:\software\php_software\wamp64\www\sanli\framework\web\CController.php(308): CInlineAction->runWithParams(Array)
#2 D:\software\php_software\wamp64\www\sanli\framework\web\CController.php(286): CController->runAction(Object(CInlineAction))
#3 D:\software\php_software\wamp64\www\sanli\framework\web\CController.php(265): CController->runActionWithFilters(Object(CInlineAction), Array)
#4 D:\software\php_software\wamp64\www\sanli\framework\web\CWebApplication.php(282): CController->run('GetClubNews')
#5 D:\software\php_software\wamp64\www\sanli\framework\web\CWebApplication.php(141): CWebApplication->runController('ClubNews/GetClu...')
#6 D:\software\php_software\wamp64\www\sanli\framework\base\CApplication.php(185): CWebApplication->processRequest()
#7 D:\software\php_software\wamp64\www\sanli\index.php(35): CApplication->run()
#8 {main}
REQUEST_URI=/sanli/index.php?r=ClubNews/GetClubNews
---
2021/12/08 19:02:50 [error] [exception.CException] CException: ClubNews and its behaviors do not have a method or closure named "safeField". in D:\software\php_software\wamp64\www\sanli\framework\base\CComponent.php:266
Stack trace:
#0 D:\software\php_software\wamp64\www\sanli\framework\db\ar\CActiveRecord.php(229): CComponent->__call('safeField', Array)
#1 D:\software\php_software\wamp64\www\sanli\admin\controllers\ClubNewsController.php(85): CActiveRecord->__call('safeField', Array)
#2 D:\software\php_software\wamp64\www\sanli\framework\web\actions\CInlineAction.php(49): ClubNewsController->actionGetClubNews()
#3 D:\software\php_software\wamp64\www\sanli\framework\web\CController.php(308): CInlineAction->runWithParams(Array)
#4 D:\software\php_software\wamp64\www\sanli\framework\web\CController.php(286): CController->runAction(Object(CInlineAction))
#5 D:\software\php_software\wamp64\www\sanli\framework\web\CController.php(265): CController->runActionWithFilters(Object(CInlineAction), Array)
#6 D:\software\php_software\wamp64\www\sanli\framework\web\CWebApplication.php(282): CController->run('GetClubNews')
#7 D:\software\php_software\wamp64\www\sanli\framework\web\CWebApplication.php(141): CWebApplication->runController('ClubNews/GetClu...')
#8 D:\software\php_software\wamp64\www\sanli\framework\base\CApplication.php(185): CWebApplication->processRequest()
#9 D:\software\php_software\wamp64\www\sanli\index.php(35): CApplication->run()
#10 {main}
REQUEST_URI=/sanli/index.php?r=ClubNews/GetClubNews
---
2021/12/08 19:04:47 [error] [exception.CException] CException: ClubNews and its behaviors do not have a method or closure named "safeField". in D:\software\php_software\wamp64\www\sanli\framework\base\CComponent.php:266
Stack trace:
#0 D:\software\php_software\wamp64\www\sanli\framework\db\ar\CActiveRecord.php(229): CComponent->__call('safeField', Array)
#1 D:\software\php_software\wamp64\www\sanli\admin\controllers\ClubNewsController.php(85): CActiveRecord->__call('safeField', Array)
#2 D:\software\php_software\wamp64\www\sanli\framework\web\actions\CInlineAction.php(49): ClubNewsController->actionGetClubNews()
#3 D:\software\php_software\wamp64\www\sanli\framework\web\CController.php(308): CInlineAction->runWithParams(Array)
#4 D:\software\php_software\wamp64\www\sanli\framework\web\CController.php(286): CController->runAction(Object(CInlineAction))
#5 D:\software\php_software\wamp64\www\sanli\framework\web\CController.php(265): CController->runActionWithFilters(Object(CInlineAction), Array)
#6 D:\software\php_software\wamp64\www\sanli\framework\web\CWebApplication.php(282): CController->run('GetClubNews')
#7 D:\software\php_software\wamp64\www\sanli\framework\web\CWebApplication.php(141): CWebApplication->runController('ClubNews/GetClu...')
#8 D:\software\php_software\wamp64\www\sanli\framework\base\CApplication.php(185): CWebApplication->processRequest()
#9 D:\software\php_software\wamp64\www\sanli\index.php(35): CApplication->run()
#10 {main}
REQUEST_URI=/sanli/index.php?r=ClubNews/GetClubNews
---
2021/12/08 19:04:50 [error] [exception.CException] CException: ClubNews and its behaviors do not have a method or closure named "safeField". in D:\software\php_software\wamp64\www\sanli\framework\base\CComponent.php:266
Stack trace:
#0 D:\software\php_software\wamp64\www\sanli\framework\db\ar\CActiveRecord.php(229): CComponent->__call('safeField', Array)
#1 D:\software\php_software\wamp64\www\sanli\admin\controllers\ClubNewsController.php(85): CActiveRecord->__call('safeField', Array)
#2 D:\software\php_software\wamp64\www\sanli\framework\web\actions\CInlineAction.php(49): ClubNewsController->actionGetClubNews()
#3 D:\software\php_software\wamp64\www\sanli\framework\web\CController.php(308): CInlineAction->runWithParams(Array)
#4 D:\software\php_software\wamp64\www\sanli\framework\web\CController.php(286): CController->runAction(Object(CInlineAction))
#5 D:\software\php_software\wamp64\www\sanli\framework\web\CController.php(265): CController->runActionWithFilters(Object(CInlineAction), Array)
#6 D:\software\php_software\wamp64\www\sanli\framework\web\CWebApplication.php(282): CController->run('GetClubNews')
#7 D:\software\php_software\wamp64\www\sanli\framework\web\CWebApplication.php(141): CWebApplication->runController('ClubNews/GetClu...')
#8 D:\software\php_software\wamp64\www\sanli\framework\base\CApplication.php(185): CWebApplication->processRequest()
#9 D:\software\php_software\wamp64\www\sanli\index.php(35): CApplication->run()
#10 {main}
REQUEST_URI=/sanli/index.php?r=ClubNews/GetClubNews
---
2021/12/08 19:06:25 [error] [exception.CException] CException: ClubNews and its behaviors do not have a method or closure named "safeField". in D:\software\php_software\wamp64\www\sanli\framework\base\CComponent.php:266
Stack trace:
#0 D:\software\php_software\wamp64\www\sanli\framework\db\ar\CActiveRecord.php(229): CComponent->__call('safeField', Array)
#1 D:\software\php_software\wamp64\www\sanli\admin\controllers\ClubNewsController.php(85): CActiveRecord->__call('safeField', Array)
#2 D:\software\php_software\wamp64\www\sanli\framework\web\actions\CInlineAction.php(49): ClubNewsController->actionGetClubNews()
#3 D:\software\php_software\wamp64\www\sanli\framework\web\CController.php(308): CInlineAction->runWithParams(Array)
#4 D:\software\php_software\wamp64\www\sanli\framework\web\CController.php(286): CController->runAction(Object(CInlineAction))
#5 D:\software\php_software\wamp64\www\sanli\framework\web\CController.php(265): CController->runActionWithFilters(Object(CInlineAction), Array)
#6 D:\software\php_software\wamp64\www\sanli\framework\web\CWebApplication.php(282): CController->run('GetClubNews')
#7 D:\software\php_software\wamp64\www\sanli\framework\web\CWebApplication.php(141): CWebApplication->runController('ClubNews/GetClu...')
#8 D:\software\php_software\wamp64\www\sanli\framework\base\CApplication.php(185): CWebApplication->processRequest()
#9 D:\software\php_software\wamp64\www\sanli\index.php(35): CApplication->run()
#10 {main}
REQUEST_URI=/sanli/index.php?r=ClubNews/GetClubNews
---
2021/12/08 19:06:26 [error] [exception.CException] CException: ClubNews and its behaviors do not have a method or closure named "safeField". in D:\software\php_software\wamp64\www\sanli\framework\base\CComponent.php:266
Stack trace:
#0 D:\software\php_software\wamp64\www\sanli\framework\db\ar\CActiveRecord.php(229): CComponent->__call('safeField', Array)
#1 D:\software\php_software\wamp64\www\sanli\admin\controllers\ClubNewsController.php(85): CActiveRecord->__call('safeField', Array)
#2 D:\software\php_software\wamp64\www\sanli\framework\web\actions\CInlineAction.php(49): ClubNewsController->actionGetClubNews()
#3 D:\software\php_software\wamp64\www\sanli\framework\web\CController.php(308): CInlineAction->runWithParams(Array)
#4 D:\software\php_software\wamp64\www\sanli\framework\web\CController.php(286): CController->runAction(Object(CInlineAction))
#5 D:\software\php_software\wamp64\www\sanli\framework\web\CController.php(265): CController->runActionWithFilters(Object(CInlineAction), Array)
#6 D:\software\php_software\wamp64\www\sanli\framework\web\CWebApplication.php(282): CController->run('GetClubNews')
#7 D:\software\php_software\wamp64\www\sanli\framework\web\CWebApplication.php(141): CWebApplication->runController('ClubNews/GetClu...')
#8 D:\software\php_software\wamp64\www\sanli\framework\base\CApplication.php(185): CWebApplication->processRequest()
#9 D:\software\php_software\wamp64\www\sanli\index.php(35): CApplication->run()
#10 {main}
REQUEST_URI=/sanli/index.php?r=ClubNews/GetClubNews
---
2021/12/08 19:06:58 [error] [exception.CException] CException: ClubNews and its behaviors do not have a method or closure named "safeField". in D:\software\php_software\wamp64\www\sanli\framework\base\CComponent.php:266
Stack trace:
#0 D:\software\php_software\wamp64\www\sanli\framework\db\ar\CActiveRecord.php(229): CComponent->__call('safeField', Array)
#1 D:\software\php_software\wamp64\www\sanli\admin\controllers\ClubNewsController.php(85): CActiveRecord->__call('safeField', Array)
#2 D:\software\php_software\wamp64\www\sanli\framework\web\actions\CInlineAction.php(49): ClubNewsController->actionGetClubNews()
#3 D:\software\php_software\wamp64\www\sanli\framework\web\CController.php(308): CInlineAction->runWithParams(Array)
#4 D:\software\php_software\wamp64\www\sanli\framework\web\CController.php(286): CController->runAction(Object(CInlineAction))
#5 D:\software\php_software\wamp64\www\sanli\framework\web\CController.php(265): CController->runActionWithFilters(Object(CInlineAction), Array)
#6 D:\software\php_software\wamp64\www\sanli\framework\web\CWebApplication.php(282): CController->run('GetClubNews')
#7 D:\software\php_software\wamp64\www\sanli\framework\web\CWebApplication.php(141): CWebApplication->runController('ClubNews/GetClu...')
#8 D:\software\php_software\wamp64\www\sanli\framework\base\CApplication.php(185): CWebApplication->processRequest()
#9 D:\software\php_software\wamp64\www\sanli\index.php(35): CApplication->run()
#10 {main}
REQUEST_URI=/sanli/index.php?r=ClubNews/GetClubNews
---
2021/12/08 19:07:01 [error] [exception.CException] CException: ClubNews and its behaviors do not have a method or closure named "safeField". in D:\software\php_software\wamp64\www\sanli\framework\base\CComponent.php:266
Stack trace:
#0 D:\software\php_software\wamp64\www\sanli\framework\db\ar\CActiveRecord.php(229): CComponent->__call('safeField', Array)
#1 D:\software\php_software\wamp64\www\sanli\admin\controllers\ClubNewsController.php(85): CActiveRecord->__call('safeField', Array)
#2 D:\software\php_software\wamp64\www\sanli\framework\web\actions\CInlineAction.php(49): ClubNewsController->actionGetClubNews()
#3 D:\software\php_software\wamp64\www\sanli\framework\web\CController.php(308): CInlineAction->runWithParams(Array)
#4 D:\software\php_software\wamp64\www\sanli\framework\web\CController.php(286): CController->runAction(Object(CInlineAction))
#5 D:\software\php_software\wamp64\www\sanli\framework\web\CController.php(265): CController->runActionWithFilters(Object(CInlineAction), Array)
#6 D:\software\php_software\wamp64\www\sanli\framework\web\CWebApplication.php(282): CController->run('GetClubNews')
#7 D:\software\php_software\wamp64\www\sanli\framework\web\CWebApplication.php(141): CWebApplication->runController('ClubNews/GetClu...')
#8 D:\software\php_software\wamp64\www\sanli\framework\base\CApplication.php(185): CWebApplication->processRequest()
#9 D:\software\php_software\wamp64\www\sanli\index.php(35): CApplication->run()
#10 {main}
REQUEST_URI=/sanli/index.php?r=ClubNews/GetClubNews
---
2021/12/08 19:07:45 [error] [exception.CException] CException: 属性 "ClubNews.sign_date_start" 未被定义. in D:\software\php_software\wamp64\www\sanli\framework\base\CComponent.php:130
Stack trace:
#0 D:\software\php_software\wamp64\www\sanli\framework\db\ar\CActiveRecord.php(145): CComponent->__get('sign_date_start')
#1 D:\software\php_software\wamp64\www\sanli\framework\base\CModel.php(596): CActiveRecord->__get('sign_date_start')
#2 D:\software\php_software\wamp64\www\sanli\include\functions.php(1653): CModel->offsetGet('sign_date_start')
#3 D:\software\php_software\wamp64\www\sanli\admin\controllers\ClubNewsController.php(93): toIoArray(Array, 'id,name,introdu...', Array)
#4 D:\software\php_software\wamp64\www\sanli\admin\controllers\ClubNewsController.php(88): ClubNewsController->DataToWx(Array, 'id,name,introdu...', '\xE8\x8E\xB7\xE5\x8F\x96\xE6\x88\x90\xE5\x8A\x9F')
#5 D:\software\php_software\wamp64\www\sanli\framework\web\actions\CInlineAction.php(49): ClubNewsController->actionGetClubNews()
#6 D:\software\php_software\wamp64\www\sanli\framework\web\CController.php(308): CInlineAction->runWithParams(Array)
#7 D:\software\php_software\wamp64\www\sanli\framework\web\CController.php(286): CController->runAction(Object(CInlineAction))
#8 D:\software\php_software\wamp64\www\sanli\framework\web\CController.php(265): CController->runActionWithFilters(Object(CInlineAction), Array)
#9 D:\software\php_software\wamp64\www\sanli\framework\web\CWebApplication.php(282): CController->run('GetClubNews')
#10 D:\software\php_software\wamp64\www\sanli\framework\web\CWebApplication.php(141): CWebApplication->runController('ClubNews/GetClu...')
#11 D:\software\php_software\wamp64\www\sanli\framework\base\CApplication.php(185): CWebApplication->processRequest()
#12 D:\software\php_software\wamp64\www\sanli\index.php(35): CApplication->run()
#13 {main}
REQUEST_URI=/sanli/index.php?r=ClubNews/GetClubNews
---
2021/12/08 19:09:54 [error] [exception.CException] CException: 属性 "ClubNews.news_address" 未被定义. in D:\software\php_software\wamp64\www\sanli\framework\base\CComponent.php:130
Stack trace:
#0 D:\software\php_software\wamp64\www\sanli\framework\db\ar\CActiveRecord.php(145): CComponent->__get('news_address')
#1 D:\software\php_software\wamp64\www\sanli\framework\base\CModel.php(596): CActiveRecord->__get('news_address')
#2 D:\software\php_software\wamp64\www\sanli\include\functions.php(1653): CModel->offsetGet('news_address')
#3 D:\software\php_software\wamp64\www\sanli\admin\controllers\ClubNewsController.php(93): toIoArray(Array, 'id,name,introdu...', Array)
#4 D:\software\php_software\wamp64\www\sanli\admin\controllers\ClubNewsController.php(88): ClubNewsController->DataToWx(Array, 'id,name,introdu...', '\xE8\x8E\xB7\xE5\x8F\x96\xE6\x88\x90\xE5\x8A\x9F')
#5 D:\software\php_software\wamp64\www\sanli\framework\web\actions\CInlineAction.php(49): ClubNewsController->actionGetClubNews()
#6 D:\software\php_software\wamp64\www\sanli\framework\web\CController.php(308): CInlineAction->runWithParams(Array)
#7 D:\software\php_software\wamp64\www\sanli\framework\web\CController.php(286): CController->runAction(Object(CInlineAction))
#8 D:\software\php_software\wamp64\www\sanli\framework\web\CController.php(265): CController->runActionWithFilters(Object(CInlineAction), Array)
#9 D:\software\php_software\wamp64\www\sanli\framework\web\CWebApplication.php(282): CController->run('GetClubNews')
#10 D:\software\php_software\wamp64\www\sanli\framework\web\CWebApplication.php(141): CWebApplication->runController('ClubNews/GetClu...')
#11 D:\software\php_software\wamp64\www\sanli\framework\base\CApplication.php(185): CWebApplication->processRequest()
#12 D:\software\php_software\wamp64\www\sanli\index.php(35): CApplication->run()
#13 {main}
REQUEST_URI=/sanli/index.php?r=ClubNews/GetClubNews
---
2021/12/08 19:12:12 [error] [exception.CException] CException: 属性 "ClubNews.news_content" 未被定义. in D:\software\php_software\wamp64\www\sanli\framework\base\CComponent.php:130
Stack trace:
#0 D:\software\php_software\wamp64\www\sanli\framework\db\ar\CActiveRecord.php(145): CComponent->__get('news_content')
#1 D:\software\php_software\wamp64\www\sanli\admin\controllers\WxCourseController.php(72): CActiveRecord->__get('news_content')
#2 D:\software\php_software\wamp64\www\sanli\framework\web\actions\CInlineAction.php(49): WxCourseController->actionGetDetail()
#3 D:\software\php_software\wamp64\www\sanli\framework\web\CController.php(308): CInlineAction->runWithParams(Array)
#4 D:\software\php_software\wamp64\www\sanli\framework\web\CController.php(286): CController->runAction(Object(CInlineAction))
#5 D:\software\php_software\wamp64\www\sanli\framework\web\CController.php(265): CController->runActionWithFilters(Object(CInlineAction), Array)
#6 D:\software\php_software\wamp64\www\sanli\framework\web\CWebApplication.php(282): CController->run('GetDetail')
#7 D:\software\php_software\wamp64\www\sanli\framework\web\CWebApplication.php(141): CWebApplication->runController('WxCourse/GetDet...')
#8 D:\software\php_software\wamp64\www\sanli\framework\base\CApplication.php(185): CWebApplication->processRequest()
#9 D:\software\php_software\wamp64\www\sanli\index.php(35): CApplication->run()
#10 {main}
REQUEST_URI=/sanli/index.php?r=WxCourse/GetDetail&id=2
HTTP_REFERER=https://servicewechat.com/wx50e47bbb4ec3c834/devtools/page-frame.html
---
